<?xml version="1.0" encoding="UTF-8"?>
<testsuite xmlns:xsi="http://www.w3.org/2001/XMLSchema-instance" xsi:noNamespaceSchemaLocation="https://maven.apache.org/surefire/maven-surefire-plugin/xsd/surefire-test-report-3.0.xsd" version="3.0" name="br.unicamp.ic.inf335.beans.test.AnuncianteBeanTest" time="0.058" tests="3" errors="0" skipped="0" failures="0">
  <properties>
[...]
</properties>
  <testcase name="removerItemLista" classname="br.unicamp.ic.inf335.beans.test.AnuncianteBeanTest" time="0.022"/>
  <testcase name="adicionarItemLista" classname="br.unicamp.ic.inf335.beans.test.AnuncianteBeanTest" time="0"/>
  <testcase name="valorMedioAnuncios" classname="br.unicamp.ic.inf335.beans.test.AnuncianteBeanTest" time="0.002"/>
</testsuite>